<?xml version="1.0" encoding="UTF-8"?>
<!-- Generated by org.testng.reporters.JUnitXMLReporter -->
<testsuite hostname="CTLINLP-0935" ignored="0" name="Automation Test Report" tests="1" failures="0" timestamp="03 Jun 2020 21:32:28 GMT" time="11.274" errors="0">
  <testcase name="@AfterClass tearDownClass" time="0.008" classname="catalyst.automation.testrunner.testrunner">
    <failure type="java.lang.NullPointerException">
      <![CDATA[java.lang.NullPointerException
at catalyst.automation.utility.Driver.StopBrowser(Driver.java:103)
at catalyst.automation.testrunner.testrunner.tearDownClass(testrunner.java:68)
... Removed 30 stack frames]]>
    </failure>
  </testcase> <!-- @AfterClass tearDownClass -->
  <testcase name="feature" time="5.369" classname="catalyst.automation.testrunner.testrunner"/>
</testsuite> <!-- Automation Test Report -->
