-------------------------------------------------------------------------------
Test set: TestSuite
-------------------------------------------------------------------------------
Tests run: 2, Failures: 1, Errors: 0, Skipped: 0, Time elapsed: 12.614 s <<< FAILURE! - in TestSuite
tearDownClass(catalyst.automation.testrunner.testrunner)  Time elapsed: 5.386 s  <<< FAILURE!
java.lang.NullPointerException
	at catalyst.automation.testrunner.testrunner.tearDownClass(testrunner.java:68)

